[2019-08-12 20:10:08.424] [renderer1] [error] Error: Error: ENOENT: no such file or directory, stat '/home/bogdan/Documents/React/react-complete-guide/.vscode'
[2019-08-12 20:10:17.766] [renderer1] [warning] UNRESPONSIVE extension host, 'esbenp.prettier-vscode' took 94% of 187.805ms, saved PROFILE here: '/tmp/exthost-610cdd.cpuprofile' [{"id":"esbenp.prettier-vscode","total":177198,"percentage":94},{"id":"program","total":5874,"percentage":3},{"id":"self","total":2072,"percentage":1}]
[2019-08-12 22:03:37.338] [renderer1] [error] TypeScript Server Error (3.5.1)
Debug Failure. Did not expect JsxSelfClosingElement to have an Identifier in its trivia
Error: Debug Failure. Did not expect JsxSelfClosingElement to have an Identifier in its trivia
    at addSyntheticNodes (tsserver.js:121096:30)
    at createChildren (tsserver.js:121085:9)
    at NodeObject.getChildren (tsserver.js:121029:56)
    at findRightmostToken (tsserver.js:96757:26)
    at find (tsserver.js:96732:47)
    at find (tsserver.js:96736:32)
    at find (tsserver.js:96736:32)
    at find (tsserver.js:96736:32)
    at find (tsserver.js:96736:32)
    at find (tsserver.js:96736:32)
    at find (tsserver.js:96736:32)
    at find (tsserver.js:96736:32)
    at find (tsserver.js:96736:32)
    at find (tsserver.js:96736:32)
    at find (tsserver.js:96736:32)
    at find (tsserver.js:96736:32)
    at find (tsserver.js:96736:32)
    at Object.findPrecedingToken (tsserver.js:96709:22)
    at Object.getCompletionsAtPosition (tsserver.js:99500:35)
    at Object.getCompletionsAtPosition (tsserver.js:122085:35)
    at IOSession.Session.getCompletions (tsserver.js:131119:64)
    at Session.handlers.ts.createMapFromTemplate._a.(anonymous function) (tsserver.js:130069:61)
    at tsserver.js:131637:88
    at IOSession.Session.executeWithRequestId (tsserver.js:131628:28)
    at IOSession.Session.executeCommand (tsserver.js:131637:33)
    at IOSession.Session.onMessage (tsserver.js:131659:35)
    at Interface.<anonymous> (tsserver.js:132950:27)
    at Interface.emit (events.js:182:13)
    at Interface._onLine (readline.js:290:10)
    at Interface._normalWrite (readline.js:433:12)
    at Socket.ondata (readline.js:149:10)
    at Socket.emit (events.js:182:13)
    at addChunk (_stream_readable.js:279:12)
    at readableAddChunk (_stream_readable.js:264:11)
    at Socket.Readable.push (_stream_readable.js:219:10)
    at Pipe.onread (net.js:636:20): Error: TypeScript Server Error (3.5.1)
Debug Failure. Did not expect JsxSelfClosingElement to have an Identifier in its trivia
Error: Debug Failure. Did not expect JsxSelfClosingElement to have an Identifier in its trivia
    at addSyntheticNodes (tsserver.js:121096:30)
    at createChildren (tsserver.js:121085:9)
    at NodeObject.getChildren (tsserver.js:121029:56)
    at findRightmostToken (tsserver.js:96757:26)
    at find (tsserver.js:96732:47)
    at find (tsserver.js:96736:32)
    at find (tsserver.js:96736:32)
    at find (tsserver.js:96736:32)
    at find (tsserver.js:96736:32)
    at find (tsserver.js:96736:32)
    at find (tsserver.js:96736:32)
    at find (tsserver.js:96736:32)
    at find (tsserver.js:96736:32)
    at find (tsserver.js:96736:32)
    at find (tsserver.js:96736:32)
    at find (tsserver.js:96736:32)
    at find (tsserver.js:96736:32)
    at Object.findPrecedingToken (tsserver.js:96709:22)
    at Object.getCompletionsAtPosition (tsserver.js:99500:35)
    at Object.getCompletionsAtPosition (tsserver.js:122085:35)
    at IOSession.Session.getCompletions (tsserver.js:131119:64)
    at Session.handlers.ts.createMapFromTemplate._a.(anonymous function) (tsserver.js:130069:61)
    at tsserver.js:131637:88
    at IOSession.Session.executeWithRequestId (tsserver.js:131628:28)
    at IOSession.Session.executeCommand (tsserver.js:131637:33)
    at IOSession.Session.onMessage (tsserver.js:131659:35)
    at Interface.<anonymous> (tsserver.js:132950:27)
    at Interface.emit (events.js:182:13)
    at Interface._onLine (readline.js:290:10)
    at Interface._normalWrite (readline.js:433:12)
    at Socket.ondata (readline.js:149:10)
    at Socket.emit (events.js:182:13)
    at addChunk (_stream_readable.js:279:12)
    at readableAddChunk (_stream_readable.js:264:11)
    at Socket.Readable.push (_stream_readable.js:219:10)
    at Pipe.onread (net.js:636:20)
	at Function.create (/usr/share/code/resources/app/extensions/typescript-language-features/dist/extension.js:1:197728)
	at v.dispatchResponse (/usr/share/code/resources/app/extensions/typescript-language-features/dist/extension.js:1:203096)
	at v.dispatchMessage (/usr/share/code/resources/app/extensions/typescript-language-features/dist/extension.js:1:201848)
	at constructor._reader.onData.e (/usr/share/code/resources/app/extensions/typescript-language-features/dist/extension.js:1:201204)
	at u.fire (/usr/share/code/resources/app/out/vs/workbench/services/extensions/node/extensionHostProcess.js:47:720)
	at t.Reader.onLengthData (/usr/share/code/resources/app/extensions/typescript-language-features/dist/extension.js:1:206508)
	at Socket.t.Reader.constructor.e.on.e (/usr/share/code/resources/app/extensions/typescript-language-features/dist/extension.js:1:206156)
	at Socket.emit (events.js:182:13)
	at addChunk (_stream_readable.js:279:12)
	at readableAddChunk (_stream_readable.js:264:11)
	at Socket.Readable.push (_stream_readable.js:219:10)
	at Pipe.onread (net.js:636:20)
[2019-08-12 22:03:40.677] [renderer1] [error] TypeScript Server Error (3.5.1)
Debug Failure. Did not expect JsxSelfClosingElement to have an Identifier in its trivia
Error: Debug Failure. Did not expect JsxSelfClosingElement to have an Identifier in its trivia
    at addSyntheticNodes (tsserver.js:121096:30)
    at createChildren (tsserver.js:121085:9)
    at NodeObject.getChildren (tsserver.js:121029:56)
    at find (tsserver.js:96716:30)
    at findPrecedingToken (tsserver.js:96709:22)
    at getTokenAtPositionWorker (tsserver.js:96659:41)
    at getTouchingToken (tsserver.js:96633:16)
    at Object.getTouchingPropertyName (tsserver.js:96625:16)
    at Object.getDocumentHighlights (tsserver.js:101315:27)
    at Object.getDocumentHighlights (tsserver.js:122187:42)
    at IOSession.Session.getDocumentHighlights (tsserver.js:130772:71)
    at Session.handlers.ts.createMapFromTemplate._a.(anonymous function) (tsserver.js:130173:61)
    at tsserver.js:131637:88
    at IOSession.Session.executeWithRequestId (tsserver.js:131628:28)
    at IOSession.Session.executeCommand (tsserver.js:131637:33)
    at IOSession.Session.onMessage (tsserver.js:131659:35)
    at Interface.<anonymous> (tsserver.js:132950:27)
    at Interface.emit (events.js:182:13)
    at Interface._onLine (readline.js:290:10)
    at Interface._normalWrite (readline.js:433:12)
    at Socket.ondata (readline.js:149:10)
    at Socket.emit (events.js:182:13)
    at addChunk (_stream_readable.js:279:12)
    at readableAddChunk (_stream_readable.js:264:11)
    at Socket.Readable.push (_stream_readable.js:219:10)
    at Pipe.onread (net.js:636:20): Error: TypeScript Server Error (3.5.1)
Debug Failure. Did not expect JsxSelfClosingElement to have an Identifier in its trivia
Error: Debug Failure. Did not expect JsxSelfClosingElement to have an Identifier in its trivia
    at addSyntheticNodes (tsserver.js:121096:30)
    at createChildren (tsserver.js:121085:9)
    at NodeObject.getChildren (tsserver.js:121029:56)
    at find (tsserver.js:96716:30)
    at findPrecedingToken (tsserver.js:96709:22)
    at getTokenAtPositionWorker (tsserver.js:96659:41)
    at getTouchingToken (tsserver.js:96633:16)
    at Object.getTouchingPropertyName (tsserver.js:96625:16)
    at Object.getDocumentHighlights (tsserver.js:101315:27)
    at Object.getDocumentHighlights (tsserver.js:122187:42)
    at IOSession.Session.getDocumentHighlights (tsserver.js:130772:71)
    at Session.handlers.ts.createMapFromTemplate._a.(anonymous function) (tsserver.js:130173:61)
    at tsserver.js:131637:88
    at IOSession.Session.executeWithRequestId (tsserver.js:131628:28)
    at IOSession.Session.executeCommand (tsserver.js:131637:33)
    at IOSession.Session.onMessage (tsserver.js:131659:35)
    at Interface.<anonymous> (tsserver.js:132950:27)
    at Interface.emit (events.js:182:13)
    at Interface._onLine (readline.js:290:10)
    at Interface._normalWrite (readline.js:433:12)
    at Socket.ondata (readline.js:149:10)
    at Socket.emit (events.js:182:13)
    at addChunk (_stream_readable.js:279:12)
    at readableAddChunk (_stream_readable.js:264:11)
    at Socket.Readable.push (_stream_readable.js:219:10)
    at Pipe.onread (net.js:636:20)
	at Function.create (/usr/share/code/resources/app/extensions/typescript-language-features/dist/extension.js:1:197728)
	at v.dispatchResponse (/usr/share/code/resources/app/extensions/typescript-language-features/dist/extension.js:1:203096)
	at v.dispatchMessage (/usr/share/code/resources/app/extensions/typescript-language-features/dist/extension.js:1:201848)
	at constructor._reader.onData.e (/usr/share/code/resources/app/extensions/typescript-language-features/dist/extension.js:1:201204)
	at u.fire (/usr/share/code/resources/app/out/vs/workbench/services/extensions/node/extensionHostProcess.js:47:720)
	at t.Reader.onLengthData (/usr/share/code/resources/app/extensions/typescript-language-features/dist/extension.js:1:206508)
	at Socket.t.Reader.constructor.e.on.e (/usr/share/code/resources/app/extensions/typescript-language-features/dist/extension.js:1:206156)
	at Socket.emit (events.js:182:13)
	at addChunk (_stream_readable.js:279:12)
	at readableAddChunk (_stream_readable.js:264:11)
	at Socket.Readable.push (_stream_readable.js:219:10)
	at Pipe.onread (net.js:636:20)
[2019-08-12 23:20:25.915] [renderer1] [error] TypeScript Server Error (3.5.1)
Debug Failure. Did not expect JsxSelfClosingElement to have an Identifier in its trivia
Error: Debug Failure. Did not expect JsxSelfClosingElement to have an Identifier in its trivia
    at addSyntheticNodes (tsserver.js:121096:30)
    at createChildren (tsserver.js:121085:9)
    at NodeObject.getChildren (tsserver.js:121029:56)
    at getTokenAtPositionWorker (tsserver.js:96646:43)
    at getTouchingToken (tsserver.js:96633:16)
    at Object.getTouchingPropertyName (tsserver.js:96625:16)
    at Object.getDocumentHighlights (tsserver.js:101315:27)
    at Object.getDocumentHighlights (tsserver.js:122187:42)
    at IOSession.Session.getDocumentHighlights (tsserver.js:130772:71)
    at Session.handlers.ts.createMapFromTemplate._a.(anonymous function) (tsserver.js:130173:61)
    at tsserver.js:131637:88
    at IOSession.Session.executeWithRequestId (tsserver.js:131628:28)
    at IOSession.Session.executeCommand (tsserver.js:131637:33)
    at IOSession.Session.onMessage (tsserver.js:131659:35)
    at Interface.<anonymous> (tsserver.js:132950:27)
    at Interface.emit (events.js:182:13)
    at Interface._onLine (readline.js:290:10)
    at Interface._normalWrite (readline.js:433:12)
    at Socket.ondata (readline.js:149:10)
    at Socket.emit (events.js:182:13)
    at addChunk (_stream_readable.js:279:12)
    at readableAddChunk (_stream_readable.js:264:11)
    at Socket.Readable.push (_stream_readable.js:219:10)
    at Pipe.onread (net.js:636:20): Error: TypeScript Server Error (3.5.1)
Debug Failure. Did not expect JsxSelfClosingElement to have an Identifier in its trivia
Error: Debug Failure. Did not expect JsxSelfClosingElement to have an Identifier in its trivia
    at addSyntheticNodes (tsserver.js:121096:30)
    at createChildren (tsserver.js:121085:9)
    at NodeObject.getChildren (tsserver.js:121029:56)
    at getTokenAtPositionWorker (tsserver.js:96646:43)
    at getTouchingToken (tsserver.js:96633:16)
    at Object.getTouchingPropertyName (tsserver.js:96625:16)
    at Object.getDocumentHighlights (tsserver.js:101315:27)
    at Object.getDocumentHighlights (tsserver.js:122187:42)
    at IOSession.Session.getDocumentHighlights (tsserver.js:130772:71)
    at Session.handlers.ts.createMapFromTemplate._a.(anonymous function) (tsserver.js:130173:61)
    at tsserver.js:131637:88
    at IOSession.Session.executeWithRequestId (tsserver.js:131628:28)
    at IOSession.Session.executeCommand (tsserver.js:131637:33)
    at IOSession.Session.onMessage (tsserver.js:131659:35)
    at Interface.<anonymous> (tsserver.js:132950:27)
    at Interface.emit (events.js:182:13)
    at Interface._onLine (readline.js:290:10)
    at Interface._normalWrite (readline.js:433:12)
    at Socket.ondata (readline.js:149:10)
    at Socket.emit (events.js:182:13)
    at addChunk (_stream_readable.js:279:12)
    at readableAddChunk (_stream_readable.js:264:11)
    at Socket.Readable.push (_stream_readable.js:219:10)
    at Pipe.onread (net.js:636:20)
	at Function.create (/usr/share/code/resources/app/extensions/typescript-language-features/dist/extension.js:1:197728)
	at v.dispatchResponse (/usr/share/code/resources/app/extensions/typescript-language-features/dist/extension.js:1:203096)
	at v.dispatchMessage (/usr/share/code/resources/app/extensions/typescript-language-features/dist/extension.js:1:201848)
	at constructor._reader.onData.e (/usr/share/code/resources/app/extensions/typescript-language-features/dist/extension.js:1:201204)
	at u.fire (/usr/share/code/resources/app/out/vs/workbench/services/extensions/node/extensionHostProcess.js:47:720)
	at t.Reader.onLengthData (/usr/share/code/resources/app/extensions/typescript-language-features/dist/extension.js:1:206508)
	at Socket.t.Reader.constructor.e.on.e (/usr/share/code/resources/app/extensions/typescript-language-features/dist/extension.js:1:206156)
	at Socket.emit (events.js:182:13)
	at addChunk (_stream_readable.js:279:12)
	at readableAddChunk (_stream_readable.js:264:11)
	at Socket.Readable.push (_stream_readable.js:219:10)
	at Pipe.onread (net.js:636:20)
