[2019-07-06 11:17:27.637] [exthost] [info] extension host started
[2019-07-06 11:17:27.748] [exthost] [info] ExtensionService#_doActivateExtension vscode.typescript-language-features {"startup":false,"activationEvent":"onLanguage:javascript"}
[2019-07-06 11:17:27.748] [exthost] [info] ExtensionService#loadCommonJSModule /usr/share/code/resources/app/extensions/typescript-language-features/dist/extension
[2019-07-06 11:17:28.079] [exthost] [info] ExtensionService#_doActivateExtension vscode.debug-auto-launch {"startup":true,"activationEvent":"*"}
[2019-07-06 11:17:28.079] [exthost] [info] ExtensionService#loadCommonJSModule /usr/share/code/resources/app/extensions/debug-auto-launch/dist/extension
[2019-07-06 11:17:28.263] [exthost] [info] ExtensionService#_doActivateExtension vscode.emmet {"startup":true,"activationEvent":"*"}
[2019-07-06 11:17:28.263] [exthost] [info] ExtensionService#loadCommonJSModule /usr/share/code/resources/app/extensions/emmet/dist/extension
[2019-07-06 11:17:28.340] [exthost] [info] ExtensionService#_doActivateExtension vscode.git {"startup":true,"activationEvent":"*"}
[2019-07-06 11:17:28.340] [exthost] [info] ExtensionService#loadCommonJSModule /usr/share/code/resources/app/extensions/git/dist/main
[2019-07-06 11:17:28.579] [exthost] [info] ExtensionService#_doActivateExtension vscode.merge-conflict {"startup":true,"activationEvent":"*"}
[2019-07-06 11:17:28.579] [exthost] [info] ExtensionService#loadCommonJSModule /usr/share/code/resources/app/extensions/merge-conflict/dist/extension
[2019-07-06 11:17:28.620] [exthost] [info] ExtensionService#_doActivateExtension CoenraadS.bracket-pair-colorizer {"startup":true,"activationEvent":"*"}
[2019-07-06 11:17:28.620] [exthost] [info] ExtensionService#loadCommonJSModule /root/.vscode/extensions/coenraads.bracket-pair-colorizer-1.0.61/out/src/extension
[2019-07-06 11:17:29.913] [exthost] [info] eager extensions activated
[2019-07-06 11:49:07.327] [exthost] [info] ExtensionService#_doActivateExtension vscode.extension-editing {"startup":false,"activationEvent":"onLanguage:typescript"}
[2019-07-06 11:49:07.327] [exthost] [info] ExtensionService#loadCommonJSModule /usr/share/code/resources/app/extensions/extension-editing/dist/extension
[2019-07-06 11:52:46.232] [exthost] [error] [vscode.typescript-language-features] provider FAILED
[2019-07-06 11:52:46.235] [exthost] [error] Error: TypeScript Server Error (3.5.1)
Cannot read property 'length' of undefined
TypeError: Cannot read property 'length' of undefined
    at Object.find (tsserver.js:377:35)
    at getReferencedSymbolsForModuleIfDeclaredBySourceFile (tsserver.js:102803:78)
    at Object.getReferencedSymbolsForNode (tsserver.js:102781:40)
    at Object.getReferenceEntriesForNode (tsserver.js:102523:58)
    at getSemanticDocumentHighlights (tsserver.js:101337:57)
    at Object.getDocumentHighlights (tsserver.js:101325:20)
    at Object.getDocumentHighlights (tsserver.js:122187:42)
    at IOSession.Session.getDocumentHighlights (tsserver.js:130772:71)
    at Session.handlers.ts.createMapFromTemplate._a.(anonymous function) (tsserver.js:130173:61)
    at tsserver.js:131637:88
    at IOSession.Session.executeWithRequestId (tsserver.js:131628:28)
    at IOSession.Session.executeCommand (tsserver.js:131637:33)
    at IOSession.Session.onMessage (tsserver.js:131659:35)
    at Interface.<anonymous> (tsserver.js:132950:27)
    at Interface.emit (events.js:182:13)
    at Interface._onLine (readline.js:290:10)
    at Interface._normalWrite (readline.js:433:12)
    at Socket.ondata (readline.js:149:10)
    at Socket.emit (events.js:182:13)
    at addChunk (_stream_readable.js:279:12)
    at readableAddChunk (_stream_readable.js:264:11)
    at Socket.Readable.push (_stream_readable.js:219:10)
    at Pipe.onread (net.js:636:20)
	at Function.create (/usr/share/code/resources/app/extensions/typescript-language-features/dist/extension.js:1:197728)
	at v.dispatchResponse (/usr/share/code/resources/app/extensions/typescript-language-features/dist/extension.js:1:203096)
	at v.dispatchMessage (/usr/share/code/resources/app/extensions/typescript-language-features/dist/extension.js:1:201848)
	at constructor._reader.onData.e (/usr/share/code/resources/app/extensions/typescript-language-features/dist/extension.js:1:201204)
	at u.fire (/usr/share/code/resources/app/out/vs/workbench/services/extensions/node/extensionHostProcess.js:47:720)
	at t.Reader.onLengthData (/usr/share/code/resources/app/extensions/typescript-language-features/dist/extension.js:1:206508)
	at Socket.t.Reader.constructor.e.on.e (/usr/share/code/resources/app/extensions/typescript-language-features/dist/extension.js:1:206156)
	at Socket.emit (events.js:182:13)
	at addChunk (_stream_readable.js:279:12)
	at readableAddChunk (_stream_readable.js:264:11)
	at Socket.Readable.push (_stream_readable.js:219:10)
	at Pipe.onread (net.js:636:20)
[2019-07-06 12:06:29.983] [exthost] [error] [vscode.typescript-language-features] provider FAILED
[2019-07-06 12:06:29.983] [exthost] [error] Error: TypeScript Server Error (3.5.1)
Cannot read property 'length' of undefined
TypeError: Cannot read property 'length' of undefined
    at Object.find (tsserver.js:377:35)
    at getReferencedSymbolsForModuleIfDeclaredBySourceFile (tsserver.js:102803:78)
    at Object.getReferencedSymbolsForNode (tsserver.js:102781:40)
    at Object.getReferenceEntriesForNode (tsserver.js:102523:58)
    at getSemanticDocumentHighlights (tsserver.js:101337:57)
    at Object.getDocumentHighlights (tsserver.js:101325:20)
    at Object.getDocumentHighlights (tsserver.js:122187:42)
    at IOSession.Session.getDocumentHighlights (tsserver.js:130772:71)
    at Session.handlers.ts.createMapFromTemplate._a.(anonymous function) (tsserver.js:130173:61)
    at tsserver.js:131637:88
    at IOSession.Session.executeWithRequestId (tsserver.js:131628:28)
    at IOSession.Session.executeCommand (tsserver.js:131637:33)
    at IOSession.Session.onMessage (tsserver.js:131659:35)
    at Interface.<anonymous> (tsserver.js:132950:27)
    at Interface.emit (events.js:182:13)
    at Interface._onLine (readline.js:290:10)
    at Interface._normalWrite (readline.js:433:12)
    at Socket.ondata (readline.js:149:10)
    at Socket.emit (events.js:182:13)
    at addChunk (_stream_readable.js:279:12)
    at readableAddChunk (_stream_readable.js:264:11)
    at Socket.Readable.push (_stream_readable.js:219:10)
    at Pipe.onread (net.js:636:20)
	at Function.create (/usr/share/code/resources/app/extensions/typescript-language-features/dist/extension.js:1:197728)
	at v.dispatchResponse (/usr/share/code/resources/app/extensions/typescript-language-features/dist/extension.js:1:203096)
	at v.dispatchMessage (/usr/share/code/resources/app/extensions/typescript-language-features/dist/extension.js:1:201848)
	at constructor._reader.onData.e (/usr/share/code/resources/app/extensions/typescript-language-features/dist/extension.js:1:201204)
	at u.fire (/usr/share/code/resources/app/out/vs/workbench/services/extensions/node/extensionHostProcess.js:47:720)
	at t.Reader.onLengthData (/usr/share/code/resources/app/extensions/typescript-language-features/dist/extension.js:1:206508)
	at Socket.t.Reader.constructor.e.on.e (/usr/share/code/resources/app/extensions/typescript-language-features/dist/extension.js:1:206156)
	at Socket.emit (events.js:182:13)
	at addChunk (_stream_readable.js:279:12)
	at readableAddChunk (_stream_readable.js:264:11)
	at Socket.Readable.push (_stream_readable.js:219:10)
	at Pipe.onread (net.js:636:20)
[2019-07-06 12:06:36.705] [exthost] [error] [vscode.typescript-language-features] provider FAILED
[2019-07-06 12:06:36.705] [exthost] [error] Error: TypeScript Server Error (3.5.1)
Cannot read property 'length' of undefined
TypeError: Cannot read property 'length' of undefined
    at Object.find (tsserver.js:377:35)
    at getReferencedSymbolsForModuleIfDeclaredBySourceFile (tsserver.js:102803:78)
    at Object.getReferencedSymbolsForNode (tsserver.js:102781:40)
    at Object.getReferenceEntriesForNode (tsserver.js:102523:58)
    at getSemanticDocumentHighlights (tsserver.js:101337:57)
    at Object.getDocumentHighlights (tsserver.js:101325:20)
    at Object.getDocumentHighlights (tsserver.js:122187:42)
    at IOSession.Session.getDocumentHighlights (tsserver.js:130772:71)
    at Session.handlers.ts.createMapFromTemplate._a.(anonymous function) (tsserver.js:130173:61)
    at tsserver.js:131637:88
    at IOSession.Session.executeWithRequestId (tsserver.js:131628:28)
    at IOSession.Session.executeCommand (tsserver.js:131637:33)
    at IOSession.Session.onMessage (tsserver.js:131659:35)
    at Interface.<anonymous> (tsserver.js:132950:27)
    at Interface.emit (events.js:182:13)
    at Interface._onLine (readline.js:290:10)
    at Interface._normalWrite (readline.js:433:12)
    at Socket.ondata (readline.js:149:10)
    at Socket.emit (events.js:182:13)
    at addChunk (_stream_readable.js:279:12)
    at readableAddChunk (_stream_readable.js:264:11)
    at Socket.Readable.push (_stream_readable.js:219:10)
    at Pipe.onread (net.js:636:20)
	at Function.create (/usr/share/code/resources/app/extensions/typescript-language-features/dist/extension.js:1:197728)
	at v.dispatchResponse (/usr/share/code/resources/app/extensions/typescript-language-features/dist/extension.js:1:203096)
	at v.dispatchMessage (/usr/share/code/resources/app/extensions/typescript-language-features/dist/extension.js:1:201848)
	at constructor._reader.onData.e (/usr/share/code/resources/app/extensions/typescript-language-features/dist/extension.js:1:201204)
	at u.fire (/usr/share/code/resources/app/out/vs/workbench/services/extensions/node/extensionHostProcess.js:47:720)
	at t.Reader.onLengthData (/usr/share/code/resources/app/extensions/typescript-language-features/dist/extension.js:1:206508)
	at Socket.t.Reader.constructor.e.on.e (/usr/share/code/resources/app/extensions/typescript-language-features/dist/extension.js:1:206156)
	at Socket.emit (events.js:182:13)
	at addChunk (_stream_readable.js:279:12)
	at readableAddChunk (_stream_readable.js:264:11)
	at Socket.Readable.push (_stream_readable.js:219:10)
	at Pipe.onread (net.js:636:20)
[2019-07-06 12:06:42.832] [exthost] [error] [vscode.typescript-language-features] provider FAILED
[2019-07-06 12:06:42.833] [exthost] [error] Error: TypeScript Server Error (3.5.1)
Cannot read property 'length' of undefined
TypeError: Cannot read property 'length' of undefined
    at Object.find (tsserver.js:377:35)
    at getReferencedSymbolsForModuleIfDeclaredBySourceFile (tsserver.js:102803:78)
    at Object.getReferencedSymbolsForNode (tsserver.js:102781:40)
    at Object.getReferenceEntriesForNode (tsserver.js:102523:58)
    at getSemanticDocumentHighlights (tsserver.js:101337:57)
    at Object.getDocumentHighlights (tsserver.js:101325:20)
    at Object.getDocumentHighlights (tsserver.js:122187:42)
    at IOSession.Session.getDocumentHighlights (tsserver.js:130772:71)
    at Session.handlers.ts.createMapFromTemplate._a.(anonymous function) (tsserver.js:130173:61)
    at tsserver.js:131637:88
    at IOSession.Session.executeWithRequestId (tsserver.js:131628:28)
    at IOSession.Session.executeCommand (tsserver.js:131637:33)
    at IOSession.Session.onMessage (tsserver.js:131659:35)
    at Interface.<anonymous> (tsserver.js:132950:27)
    at Interface.emit (events.js:182:13)
    at Interface._onLine (readline.js:290:10)
    at Interface._normalWrite (readline.js:433:12)
    at Socket.ondata (readline.js:149:10)
    at Socket.emit (events.js:182:13)
    at addChunk (_stream_readable.js:279:12)
    at readableAddChunk (_stream_readable.js:264:11)
    at Socket.Readable.push (_stream_readable.js:219:10)
    at Pipe.onread (net.js:636:20)
	at Function.create (/usr/share/code/resources/app/extensions/typescript-language-features/dist/extension.js:1:197728)
	at v.dispatchResponse (/usr/share/code/resources/app/extensions/typescript-language-features/dist/extension.js:1:203096)
	at v.dispatchMessage (/usr/share/code/resources/app/extensions/typescript-language-features/dist/extension.js:1:201848)
	at constructor._reader.onData.e (/usr/share/code/resources/app/extensions/typescript-language-features/dist/extension.js:1:201204)
	at u.fire (/usr/share/code/resources/app/out/vs/workbench/services/extensions/node/extensionHostProcess.js:47:720)
	at t.Reader.onLengthData (/usr/share/code/resources/app/extensions/typescript-language-features/dist/extension.js:1:206508)
	at Socket.t.Reader.constructor.e.on.e (/usr/share/code/resources/app/extensions/typescript-language-features/dist/extension.js:1:206156)
	at Socket.emit (events.js:182:13)
	at addChunk (_stream_readable.js:279:12)
	at readableAddChunk (_stream_readable.js:264:11)
	at Socket.Readable.push (_stream_readable.js:219:10)
	at Pipe.onread (net.js:636:20)
[2019-07-06 12:06:43.860] [exthost] [error] [vscode.typescript-language-features] provider FAILED
[2019-07-06 12:06:43.860] [exthost] [error] Error: TypeScript Server Error (3.5.1)
Debug Failure.
Error: Debug Failure.
    at Object.assertDefined (tsserver.js:2080:24)
    at getRangeToExtract (tsserver.js:119414:43)
    at Object.getAvailableActions (tsserver.js:119378:28)
    at tsserver.js:112870:128
    at getIterator (tsserver.js:627:23)
    at Object.next (tsserver.js:622:35)
    at Object.arrayFrom (tsserver.js:1255:32)
    at Object.getApplicableRefactors (tsserver.js:112869:23)
    at Object.getApplicableRefactors (tsserver.js:122632:32)
    at IOSession.Session.getApplicableRefactors (tsserver.js:131393:53)
    at Session.handlers.ts.createMapFromTemplate._a.(anonymous function) (tsserver.js:130211:61)
    at tsserver.js:131637:88
    at IOSession.Session.executeWithRequestId (tsserver.js:131628:28)
    at IOSession.Session.executeCommand (tsserver.js:131637:33)
    at IOSession.Session.onMessage (tsserver.js:131659:35)
    at Interface.<anonymous> (tsserver.js:132950:27)
    at Interface.emit (events.js:182:13)
    at Interface._onLine (readline.js:290:10)
    at Interface._normalWrite (readline.js:433:12)
    at Socket.ondata (readline.js:149:10)
    at Socket.emit (events.js:182:13)
    at addChunk (_stream_readable.js:279:12)
    at readableAddChunk (_stream_readable.js:264:11)
    at Socket.Readable.push (_stream_readable.js:219:10)
    at Pipe.onread (net.js:636:20)
	at Function.create (/usr/share/code/resources/app/extensions/typescript-language-features/dist/extension.js:1:197728)
	at v.dispatchResponse (/usr/share/code/resources/app/extensions/typescript-language-features/dist/extension.js:1:203096)
	at v.dispatchMessage (/usr/share/code/resources/app/extensions/typescript-language-features/dist/extension.js:1:201848)
	at constructor._reader.onData.e (/usr/share/code/resources/app/extensions/typescript-language-features/dist/extension.js:1:201204)
	at u.fire (/usr/share/code/resources/app/out/vs/workbench/services/extensions/node/extensionHostProcess.js:47:720)
	at t.Reader.onLengthData (/usr/share/code/resources/app/extensions/typescript-language-features/dist/extension.js:1:206508)
	at Socket.t.Reader.constructor.e.on.e (/usr/share/code/resources/app/extensions/typescript-language-features/dist/extension.js:1:206156)
	at Socket.emit (events.js:182:13)
	at addChunk (_stream_readable.js:279:12)
	at readableAddChunk (_stream_readable.js:264:11)
	at Socket.Readable.push (_stream_readable.js:219:10)
	at Pipe.onread (net.js:636:20)
[2019-07-06 12:06:45.906] [exthost] [error] [vscode.typescript-language-features] provider FAILED
[2019-07-06 12:06:45.907] [exthost] [error] Error: TypeScript Server Error (3.5.1)
Cannot read property 'length' of undefined
TypeError: Cannot read property 'length' of undefined
    at Object.find (tsserver.js:377:35)
    at getReferencedSymbolsForModuleIfDeclaredBySourceFile (tsserver.js:102803:78)
    at Object.getReferencedSymbolsForNode (tsserver.js:102781:40)
    at Object.getReferenceEntriesForNode (tsserver.js:102523:58)
    at getSemanticDocumentHighlights (tsserver.js:101337:57)
    at Object.getDocumentHighlights (tsserver.js:101325:20)
    at Object.getDocumentHighlights (tsserver.js:122187:42)
    at IOSession.Session.getDocumentHighlights (tsserver.js:130772:71)
    at Session.handlers.ts.createMapFromTemplate._a.(anonymous function) (tsserver.js:130173:61)
    at tsserver.js:131637:88
    at IOSession.Session.executeWithRequestId (tsserver.js:131628:28)
    at IOSession.Session.executeCommand (tsserver.js:131637:33)
    at IOSession.Session.onMessage (tsserver.js:131659:35)
    at Interface.<anonymous> (tsserver.js:132950:27)
    at Interface.emit (events.js:182:13)
    at Interface._onLine (readline.js:290:10)
    at Interface._normalWrite (readline.js:433:12)
    at Socket.ondata (readline.js:149:10)
    at Socket.emit (events.js:182:13)
    at addChunk (_stream_readable.js:279:12)
    at readableAddChunk (_stream_readable.js:264:11)
    at Socket.Readable.push (_stream_readable.js:219:10)
    at Pipe.onread (net.js:636:20)
	at Function.create (/usr/share/code/resources/app/extensions/typescript-language-features/dist/extension.js:1:197728)
	at v.dispatchResponse (/usr/share/code/resources/app/extensions/typescript-language-features/dist/extension.js:1:203096)
	at v.dispatchMessage (/usr/share/code/resources/app/extensions/typescript-language-features/dist/extension.js:1:201848)
	at constructor._reader.onData.e (/usr/share/code/resources/app/extensions/typescript-language-features/dist/extension.js:1:201204)
	at u.fire (/usr/share/code/resources/app/out/vs/workbench/services/extensions/node/extensionHostProcess.js:47:720)
	at t.Reader.onLengthData (/usr/share/code/resources/app/extensions/typescript-language-features/dist/extension.js:1:206508)
	at Socket.t.Reader.constructor.e.on.e (/usr/share/code/resources/app/extensions/typescript-language-features/dist/extension.js:1:206156)
	at Socket.emit (events.js:182:13)
	at addChunk (_stream_readable.js:279:12)
	at readableAddChunk (_stream_readable.js:264:11)
	at Socket.Readable.push (_stream_readable.js:219:10)
	at Pipe.onread (net.js:636:20)
[2019-07-06 12:06:46.798] [exthost] [error] [vscode.typescript-language-features] provider FAILED
[2019-07-06 12:06:46.801] [exthost] [error] Error: TypeScript Server Error (3.5.1)
Debug Failure.
Error: Debug Failure.
    at Object.assertDefined (tsserver.js:2080:24)
    at getRangeToExtract (tsserver.js:119414:43)
    at Object.getAvailableActions (tsserver.js:119378:28)
    at tsserver.js:112870:128
    at getIterator (tsserver.js:627:23)
    at Object.next (tsserver.js:622:35)
    at Object.arrayFrom (tsserver.js:1255:32)
    at Object.getApplicableRefactors (tsserver.js:112869:23)
    at Object.getApplicableRefactors (tsserver.js:122632:32)
    at IOSession.Session.getApplicableRefactors (tsserver.js:131393:53)
    at Session.handlers.ts.createMapFromTemplate._a.(anonymous function) (tsserver.js:130211:61)
    at tsserver.js:131637:88
    at IOSession.Session.executeWithRequestId (tsserver.js:131628:28)
    at IOSession.Session.executeCommand (tsserver.js:131637:33)
    at IOSession.Session.onMessage (tsserver.js:131659:35)
    at Interface.<anonymous> (tsserver.js:132950:27)
    at Interface.emit (events.js:182:13)
    at Interface._onLine (readline.js:290:10)
    at Interface._normalWrite (readline.js:433:12)
    at Socket.ondata (readline.js:149:10)
    at Socket.emit (events.js:182:13)
    at addChunk (_stream_readable.js:279:12)
    at readableAddChunk (_stream_readable.js:264:11)
    at Socket.Readable.push (_stream_readable.js:219:10)
    at Pipe.onread (net.js:636:20)
	at Function.create (/usr/share/code/resources/app/extensions/typescript-language-features/dist/extension.js:1:197728)
	at v.dispatchResponse (/usr/share/code/resources/app/extensions/typescript-language-features/dist/extension.js:1:203096)
	at v.dispatchMessage (/usr/share/code/resources/app/extensions/typescript-language-features/dist/extension.js:1:201848)
	at constructor._reader.onData.e (/usr/share/code/resources/app/extensions/typescript-language-features/dist/extension.js:1:201204)
	at u.fire (/usr/share/code/resources/app/out/vs/workbench/services/extensions/node/extensionHostProcess.js:47:720)
	at t.Reader.onLengthData (/usr/share/code/resources/app/extensions/typescript-language-features/dist/extension.js:1:206508)
	at Socket.t.Reader.constructor.e.on.e (/usr/share/code/resources/app/extensions/typescript-language-features/dist/extension.js:1:206156)
	at Socket.emit (events.js:182:13)
	at addChunk (_stream_readable.js:279:12)
	at readableAddChunk (_stream_readable.js:264:11)
	at Socket.Readable.push (_stream_readable.js:219:10)
	at Pipe.onread (net.js:636:20)
[2019-07-06 12:06:49.828] [exthost] [error] [vscode.typescript-language-features] provider FAILED
[2019-07-06 12:06:49.828] [exthost] [error] Error: TypeScript Server Error (3.5.1)
Cannot read property 'length' of undefined
TypeError: Cannot read property 'length' of undefined
    at Object.find (tsserver.js:377:35)
    at getReferencedSymbolsForModuleIfDeclaredBySourceFile (tsserver.js:102803:78)
    at Object.getReferencedSymbolsForNode (tsserver.js:102781:40)
    at Object.getReferenceEntriesForNode (tsserver.js:102523:58)
    at getSemanticDocumentHighlights (tsserver.js:101337:57)
    at Object.getDocumentHighlights (tsserver.js:101325:20)
    at Object.getDocumentHighlights (tsserver.js:122187:42)
    at IOSession.Session.getDocumentHighlights (tsserver.js:130772:71)
    at Session.handlers.ts.createMapFromTemplate._a.(anonymous function) (tsserver.js:130173:61)
    at tsserver.js:131637:88
    at IOSession.Session.executeWithRequestId (tsserver.js:131628:28)
    at IOSession.Session.executeCommand (tsserver.js:131637:33)
    at IOSession.Session.onMessage (tsserver.js:131659:35)
    at Interface.<anonymous> (tsserver.js:132950:27)
    at Interface.emit (events.js:182:13)
    at Interface._onLine (readline.js:290:10)
    at Interface._normalWrite (readline.js:433:12)
    at Socket.ondata (readline.js:149:10)
    at Socket.emit (events.js:182:13)
    at addChunk (_stream_readable.js:279:12)
    at readableAddChunk (_stream_readable.js:264:11)
    at Socket.Readable.push (_stream_readable.js:219:10)
    at Pipe.onread (net.js:636:20)
	at Function.create (/usr/share/code/resources/app/extensions/typescript-language-features/dist/extension.js:1:197728)
	at v.dispatchResponse (/usr/share/code/resources/app/extensions/typescript-language-features/dist/extension.js:1:203096)
	at v.dispatchMessage (/usr/share/code/resources/app/extensions/typescript-language-features/dist/extension.js:1:201848)
	at constructor._reader.onData.e (/usr/share/code/resources/app/extensions/typescript-language-features/dist/extension.js:1:201204)
	at u.fire (/usr/share/code/resources/app/out/vs/workbench/services/extensions/node/extensionHostProcess.js:47:720)
	at t.Reader.onLengthData (/usr/share/code/resources/app/extensions/typescript-language-features/dist/extension.js:1:206508)
	at Socket.t.Reader.constructor.e.on.e (/usr/share/code/resources/app/extensions/typescript-language-features/dist/extension.js:1:206156)
	at Socket.emit (events.js:182:13)
	at addChunk (_stream_readable.js:279:12)
	at readableAddChunk (_stream_readable.js:264:11)
	at Socket.Readable.push (_stream_readable.js:219:10)
	at Pipe.onread (net.js:636:20)
[2019-07-06 12:06:52.279] [exthost] [error] [vscode.typescript-language-features] provider FAILED
[2019-07-06 12:06:52.279] [exthost] [error] Error: TypeScript Server Error (3.5.1)
Cannot read property 'length' of undefined
TypeError: Cannot read property 'length' of undefined
    at Object.find (tsserver.js:377:35)
    at getReferencedSymbolsForModuleIfDeclaredBySourceFile (tsserver.js:102803:78)
    at Object.getReferencedSymbolsForNode (tsserver.js:102781:40)
    at Object.getReferenceEntriesForNode (tsserver.js:102523:58)
    at getSemanticDocumentHighlights (tsserver.js:101337:57)
    at Object.getDocumentHighlights (tsserver.js:101325:20)
    at Object.getDocumentHighlights (tsserver.js:122187:42)
    at IOSession.Session.getDocumentHighlights (tsserver.js:130772:71)
    at Session.handlers.ts.createMapFromTemplate._a.(anonymous function) (tsserver.js:130173:61)
    at tsserver.js:131637:88
    at IOSession.Session.executeWithRequestId (tsserver.js:131628:28)
    at IOSession.Session.executeCommand (tsserver.js:131637:33)
    at IOSession.Session.onMessage (tsserver.js:131659:35)
    at Interface.<anonymous> (tsserver.js:132950:27)
    at Interface.emit (events.js:182:13)
    at Interface._onLine (readline.js:290:10)
    at Interface._normalWrite (readline.js:433:12)
    at Socket.ondata (readline.js:149:10)
    at Socket.emit (events.js:182:13)
    at addChunk (_stream_readable.js:279:12)
    at readableAddChunk (_stream_readable.js:264:11)
    at Socket.Readable.push (_stream_readable.js:219:10)
    at Pipe.onread (net.js:636:20)
	at Function.create (/usr/share/code/resources/app/extensions/typescript-language-features/dist/extension.js:1:197728)
	at v.dispatchResponse (/usr/share/code/resources/app/extensions/typescript-language-features/dist/extension.js:1:203096)
	at v.dispatchMessage (/usr/share/code/resources/app/extensions/typescript-language-features/dist/extension.js:1:201848)
	at constructor._reader.onData.e (/usr/share/code/resources/app/extensions/typescript-language-features/dist/extension.js:1:201204)
	at u.fire (/usr/share/code/resources/app/out/vs/workbench/services/extensions/node/extensionHostProcess.js:47:720)
	at t.Reader.onLengthData (/usr/share/code/resources/app/extensions/typescript-language-features/dist/extension.js:1:206508)
	at Socket.t.Reader.constructor.e.on.e (/usr/share/code/resources/app/extensions/typescript-language-features/dist/extension.js:1:206156)
	at Socket.emit (events.js:182:13)
	at addChunk (_stream_readable.js:279:12)
	at readableAddChunk (_stream_readable.js:264:11)
	at Socket.Readable.push (_stream_readable.js:219:10)
	at Pipe.onread (net.js:636:20)
[2019-07-06 12:06:55.251] [exthost] [error] [vscode.typescript-language-features] provider FAILED
[2019-07-06 12:06:55.251] [exthost] [error] Error: TypeScript Server Error (3.5.1)
Debug Failure.
Error: Debug Failure.
    at Object.assertDefined (tsserver.js:2080:24)
    at getRangeToExtract (tsserver.js:119414:43)
    at Object.getAvailableActions (tsserver.js:119378:28)
    at tsserver.js:112870:128
    at getIterator (tsserver.js:627:23)
    at Object.next (tsserver.js:622:35)
    at Object.arrayFrom (tsserver.js:1255:32)
    at Object.getApplicableRefactors (tsserver.js:112869:23)
    at Object.getApplicableRefactors (tsserver.js:122632:32)
    at IOSession.Session.getApplicableRefactors (tsserver.js:131393:53)
    at Session.handlers.ts.createMapFromTemplate._a.(anonymous function) (tsserver.js:130211:61)
    at tsserver.js:131637:88
    at IOSession.Session.executeWithRequestId (tsserver.js:131628:28)
    at IOSession.Session.executeCommand (tsserver.js:131637:33)
    at IOSession.Session.onMessage (tsserver.js:131659:35)
    at Interface.<anonymous> (tsserver.js:132950:27)
    at Interface.emit (events.js:182:13)
    at Interface._onLine (readline.js:290:10)
    at Interface._normalWrite (readline.js:433:12)
    at Socket.ondata (readline.js:149:10)
    at Socket.emit (events.js:182:13)
    at addChunk (_stream_readable.js:279:12)
    at readableAddChunk (_stream_readable.js:264:11)
    at Socket.Readable.push (_stream_readable.js:219:10)
    at Pipe.onread (net.js:636:20)
	at Function.create (/usr/share/code/resources/app/extensions/typescript-language-features/dist/extension.js:1:197728)
	at v.dispatchResponse (/usr/share/code/resources/app/extensions/typescript-language-features/dist/extension.js:1:203096)
	at v.dispatchMessage (/usr/share/code/resources/app/extensions/typescript-language-features/dist/extension.js:1:201848)
	at constructor._reader.onData.e (/usr/share/code/resources/app/extensions/typescript-language-features/dist/extension.js:1:201204)
	at u.fire (/usr/share/code/resources/app/out/vs/workbench/services/extensions/node/extensionHostProcess.js:47:720)
	at t.Reader.onLengthData (/usr/share/code/resources/app/extensions/typescript-language-features/dist/extension.js:1:206508)
	at Socket.t.Reader.constructor.e.on.e (/usr/share/code/resources/app/extensions/typescript-language-features/dist/extension.js:1:206156)
	at Socket.emit (events.js:182:13)
	at addChunk (_stream_readable.js:279:12)
	at readableAddChunk (_stream_readable.js:264:11)
	at Socket.Readable.push (_stream_readable.js:219:10)
	at Pipe.onread (net.js:636:20)
[2019-07-06 12:06:57.021] [exthost] [error] [vscode.typescript-language-features] provider FAILED
[2019-07-06 12:06:57.021] [exthost] [error] Error: TypeScript Server Error (3.5.1)
Cannot read property 'length' of undefined
TypeError: Cannot read property 'length' of undefined
    at Object.find (tsserver.js:377:35)
    at getReferencedSymbolsForModuleIfDeclaredBySourceFile (tsserver.js:102803:78)
    at Object.getReferencedSymbolsForNode (tsserver.js:102781:40)
    at Object.getReferenceEntriesForNode (tsserver.js:102523:58)
    at getSemanticDocumentHighlights (tsserver.js:101337:57)
    at Object.getDocumentHighlights (tsserver.js:101325:20)
    at Object.getDocumentHighlights (tsserver.js:122187:42)
    at IOSession.Session.getDocumentHighlights (tsserver.js:130772:71)
    at Session.handlers.ts.createMapFromTemplate._a.(anonymous function) (tsserver.js:130173:61)
    at tsserver.js:131637:88
    at IOSession.Session.executeWithRequestId (tsserver.js:131628:28)
    at IOSession.Session.executeCommand (tsserver.js:131637:33)
    at IOSession.Session.onMessage (tsserver.js:131659:35)
    at Interface.<anonymous> (tsserver.js:132950:27)
    at Interface.emit (events.js:182:13)
    at Interface._onLine (readline.js:290:10)
    at Interface._normalWrite (readline.js:433:12)
    at Socket.ondata (readline.js:149:10)
    at Socket.emit (events.js:182:13)
    at addChunk (_stream_readable.js:279:12)
    at readableAddChunk (_stream_readable.js:264:11)
    at Socket.Readable.push (_stream_readable.js:219:10)
    at Pipe.onread (net.js:636:20)
	at Function.create (/usr/share/code/resources/app/extensions/typescript-language-features/dist/extension.js:1:197728)
	at v.dispatchResponse (/usr/share/code/resources/app/extensions/typescript-language-features/dist/extension.js:1:203096)
	at v.dispatchMessage (/usr/share/code/resources/app/extensions/typescript-language-features/dist/extension.js:1:201848)
	at constructor._reader.onData.e (/usr/share/code/resources/app/extensions/typescript-language-features/dist/extension.js:1:201204)
	at u.fire (/usr/share/code/resources/app/out/vs/workbench/services/extensions/node/extensionHostProcess.js:47:720)
	at t.Reader.onLengthData (/usr/share/code/resources/app/extensions/typescript-language-features/dist/extension.js:1:206508)
	at Socket.t.Reader.constructor.e.on.e (/usr/share/code/resources/app/extensions/typescript-language-features/dist/extension.js:1:206156)
	at Socket.emit (events.js:182:13)
	at addChunk (_stream_readable.js:279:12)
	at readableAddChunk (_stream_readable.js:264:11)
	at Socket.Readable.push (_stream_readable.js:219:10)
	at Pipe.onread (net.js:636:20)
[2019-07-06 12:10:45.985] [exthost] [error] [vscode.typescript-language-features] provider FAILED
[2019-07-06 12:10:45.985] [exthost] [error] Error: TypeScript Server Error (3.5.1)
Cannot read property 'length' of undefined
TypeError: Cannot read property 'length' of undefined
    at Object.find (tsserver.js:377:35)
    at getReferencedSymbolsForModuleIfDeclaredBySourceFile (tsserver.js:102803:78)
    at Object.getReferencedSymbolsForNode (tsserver.js:102781:40)
    at Object.getReferenceEntriesForNode (tsserver.js:102523:58)
    at getSemanticDocumentHighlights (tsserver.js:101337:57)
    at Object.getDocumentHighlights (tsserver.js:101325:20)
    at Object.getDocumentHighlights (tsserver.js:122187:42)
    at IOSession.Session.getDocumentHighlights (tsserver.js:130772:71)
    at Session.handlers.ts.createMapFromTemplate._a.(anonymous function) (tsserver.js:130173:61)
    at tsserver.js:131637:88
    at IOSession.Session.executeWithRequestId (tsserver.js:131628:28)
    at IOSession.Session.executeCommand (tsserver.js:131637:33)
    at IOSession.Session.onMessage (tsserver.js:131659:35)
    at Interface.<anonymous> (tsserver.js:132950:27)
    at Interface.emit (events.js:182:13)
    at Interface._onLine (readline.js:290:10)
    at Interface._normalWrite (readline.js:433:12)
    at Socket.ondata (readline.js:149:10)
    at Socket.emit (events.js:182:13)
    at addChunk (_stream_readable.js:279:12)
    at readableAddChunk (_stream_readable.js:264:11)
    at Socket.Readable.push (_stream_readable.js:219:10)
    at Pipe.onread (net.js:636:20)
	at Function.create (/usr/share/code/resources/app/extensions/typescript-language-features/dist/extension.js:1:197728)
	at v.dispatchResponse (/usr/share/code/resources/app/extensions/typescript-language-features/dist/extension.js:1:203096)
	at v.dispatchMessage (/usr/share/code/resources/app/extensions/typescript-language-features/dist/extension.js:1:201848)
	at constructor._reader.onData.e (/usr/share/code/resources/app/extensions/typescript-language-features/dist/extension.js:1:201204)
	at u.fire (/usr/share/code/resources/app/out/vs/workbench/services/extensions/node/extensionHostProcess.js:47:720)
	at t.Reader.onLengthData (/usr/share/code/resources/app/extensions/typescript-language-features/dist/extension.js:1:206508)
	at Socket.t.Reader.constructor.e.on.e (/usr/share/code/resources/app/extensions/typescript-language-features/dist/extension.js:1:206156)
	at Socket.emit (events.js:182:13)
	at addChunk (_stream_readable.js:279:12)
	at readableAddChunk (_stream_readable.js:264:11)
	at Socket.Readable.push (_stream_readable.js:219:10)
	at Pipe.onread (net.js:636:20)
[2019-07-06 12:10:46.964] [exthost] [error] [vscode.typescript-language-features] provider FAILED
[2019-07-06 12:10:46.964] [exthost] [error] Error: TypeScript Server Error (3.5.1)
Debug Failure.
Error: Debug Failure.
    at Object.assertDefined (tsserver.js:2080:24)
    at getRangeToExtract (tsserver.js:119414:43)
    at Object.getAvailableActions (tsserver.js:119378:28)
    at tsserver.js:112870:128
    at getIterator (tsserver.js:627:23)
    at Object.next (tsserver.js:622:35)
    at Object.arrayFrom (tsserver.js:1255:32)
    at Object.getApplicableRefactors (tsserver.js:112869:23)
    at Object.getApplicableRefactors (tsserver.js:122632:32)
    at IOSession.Session.getApplicableRefactors (tsserver.js:131393:53)
    at Session.handlers.ts.createMapFromTemplate._a.(anonymous function) (tsserver.js:130211:61)
    at tsserver.js:131637:88
    at IOSession.Session.executeWithRequestId (tsserver.js:131628:28)
    at IOSession.Session.executeCommand (tsserver.js:131637:33)
    at IOSession.Session.onMessage (tsserver.js:131659:35)
    at Interface.<anonymous> (tsserver.js:132950:27)
    at Interface.emit (events.js:182:13)
    at Interface._onLine (readline.js:290:10)
    at Interface._normalWrite (readline.js:433:12)
    at Socket.ondata (readline.js:149:10)
    at Socket.emit (events.js:182:13)
    at addChunk (_stream_readable.js:279:12)
    at readableAddChunk (_stream_readable.js:264:11)
    at Socket.Readable.push (_stream_readable.js:219:10)
    at Pipe.onread (net.js:636:20)
	at Function.create (/usr/share/code/resources/app/extensions/typescript-language-features/dist/extension.js:1:197728)
	at v.dispatchResponse (/usr/share/code/resources/app/extensions/typescript-language-features/dist/extension.js:1:203096)
	at v.dispatchMessage (/usr/share/code/resources/app/extensions/typescript-language-features/dist/extension.js:1:201848)
	at constructor._reader.onData.e (/usr/share/code/resources/app/extensions/typescript-language-features/dist/extension.js:1:201204)
	at u.fire (/usr/share/code/resources/app/out/vs/workbench/services/extensions/node/extensionHostProcess.js:47:720)
	at t.Reader.onLengthData (/usr/share/code/resources/app/extensions/typescript-language-features/dist/extension.js:1:206508)
	at Socket.t.Reader.constructor.e.on.e (/usr/share/code/resources/app/extensions/typescript-language-features/dist/extension.js:1:206156)
	at Socket.emit (events.js:182:13)
	at addChunk (_stream_readable.js:279:12)
	at readableAddChunk (_stream_readable.js:264:11)
	at Socket.Readable.push (_stream_readable.js:219:10)
	at Pipe.onread (net.js:636:20)
[2019-07-06 13:17:41.480] [exthost] [info] ExtensionService#_doActivateExtension vscode.css-language-features {"startup":false,"activationEvent":"onLanguage:css"}
[2019-07-06 13:17:41.480] [exthost] [info] ExtensionService#loadCommonJSModule /usr/share/code/resources/app/extensions/css-language-features/client/dist/cssMain
[2019-07-06 15:06:45.767] [exthost] [info] extension host started
[2019-07-06 15:06:45.780] [exthost] [info] ExtensionService#_doActivateExtension vscode.debug-auto-launch {"startup":true,"activationEvent":"*"}
[2019-07-06 15:06:45.780] [exthost] [info] ExtensionService#loadCommonJSModule /usr/share/code/resources/app/extensions/debug-auto-launch/dist/extension
[2019-07-06 15:06:45.783] [exthost] [info] ExtensionService#_doActivateExtension vscode.emmet {"startup":true,"activationEvent":"*"}
[2019-07-06 15:06:45.783] [exthost] [info] ExtensionService#loadCommonJSModule /usr/share/code/resources/app/extensions/emmet/dist/extension
[2019-07-06 15:06:45.800] [exthost] [info] ExtensionService#_doActivateExtension vscode.git {"startup":true,"activationEvent":"*"}
[2019-07-06 15:06:45.800] [exthost] [info] ExtensionService#loadCommonJSModule /usr/share/code/resources/app/extensions/git/dist/main
[2019-07-06 15:06:45.900] [exthost] [info] ExtensionService#_doActivateExtension vscode.merge-conflict {"startup":true,"activationEvent":"*"}
[2019-07-06 15:06:45.900] [exthost] [info] ExtensionService#loadCommonJSModule /usr/share/code/resources/app/extensions/merge-conflict/dist/extension
[2019-07-06 15:06:45.906] [exthost] [info] ExtensionService#_doActivateExtension CoenraadS.bracket-pair-colorizer {"startup":true,"activationEvent":"*"}
[2019-07-06 15:06:45.906] [exthost] [info] ExtensionService#loadCommonJSModule /root/.vscode/extensions/coenraads.bracket-pair-colorizer-1.0.61/out/src/extension
[2019-07-06 15:06:45.925] [exthost] [info] eager extensions activated
[2019-07-06 15:07:43.896] [exthost] [info] ExtensionService#_doActivateExtension vscode.typescript-language-features {"startup":false,"activationEvent":"onLanguage:javascript"}
[2019-07-06 15:07:43.896] [exthost] [info] ExtensionService#loadCommonJSModule /usr/share/code/resources/app/extensions/typescript-language-features/dist/extension
[2019-07-06 15:53:13.162] [exthost] [info] ExtensionService#_doActivateExtension vscode.extension-editing {"startup":false,"activationEvent":"onLanguage:typescript"}
[2019-07-06 15:53:13.162] [exthost] [info] ExtensionService#loadCommonJSModule /usr/share/code/resources/app/extensions/extension-editing/dist/extension
