[2019-07-04 21:49:50.410] [renderer1] [error] Error: Error: ENOENT: no such file or directory, stat '/home/bogdan/Documents/React/react-complete-guide/.vscode'
[2019-07-04 21:50:24.118] [renderer1] [warning] UNRESPONSIVE extension host, 'vscode.typescript-language-features' took 94% of 114.798ms, saved PROFILE here: '/tmp/exthost-b9ba83.cpuprofile' [{"id":"self","total":901,"percentage":1},{"id":"vscode.typescript-language-features","total":107798,"percentage":94}]
[2019-07-04 21:58:58.203] [renderer1] [error] TypeScript Server Error (3.5.1)
Debug Failure.
Error: Debug Failure.
    at Object.assertDefined (tsserver.js:2080:24)
    at getRangeToExtract (tsserver.js:119414:43)
    at Object.getAvailableActions (tsserver.js:119378:28)
    at tsserver.js:112870:128
    at getIterator (tsserver.js:627:23)
    at Object.next (tsserver.js:622:35)
    at Object.arrayFrom (tsserver.js:1255:95)
    at Object.getApplicableRefactors (tsserver.js:112869:23)
    at Object.getApplicableRefactors (tsserver.js:122632:32)
    at IOSession.Session.getApplicableRefactors (tsserver.js:131393:53)
    at Session.handlers.ts.createMapFromTemplate._a.(anonymous function) (tsserver.js:130211:61)
    at tsserver.js:131637:88
    at IOSession.Session.executeWithRequestId (tsserver.js:131628:28)
    at IOSession.Session.executeCommand (tsserver.js:131637:33)
    at IOSession.Session.onMessage (tsserver.js:131659:35)
    at Interface.<anonymous> (tsserver.js:132950:27)
    at Interface.emit (events.js:182:13)
    at Interface._onLine (readline.js:290:10)
    at Interface._normalWrite (readline.js:433:12)
    at Socket.ondata (readline.js:149:10)
    at Socket.emit (events.js:182:13)
    at addChunk (_stream_readable.js:279:12)
    at readableAddChunk (_stream_readable.js:264:11)
    at Socket.Readable.push (_stream_readable.js:219:10)
    at Pipe.onread (net.js:636:20): Error: TypeScript Server Error (3.5.1)
Debug Failure.
Error: Debug Failure.
    at Object.assertDefined (tsserver.js:2080:24)
    at getRangeToExtract (tsserver.js:119414:43)
    at Object.getAvailableActions (tsserver.js:119378:28)
    at tsserver.js:112870:128
    at getIterator (tsserver.js:627:23)
    at Object.next (tsserver.js:622:35)
    at Object.arrayFrom (tsserver.js:1255:95)
    at Object.getApplicableRefactors (tsserver.js:112869:23)
    at Object.getApplicableRefactors (tsserver.js:122632:32)
    at IOSession.Session.getApplicableRefactors (tsserver.js:131393:53)
    at Session.handlers.ts.createMapFromTemplate._a.(anonymous function) (tsserver.js:130211:61)
    at tsserver.js:131637:88
    at IOSession.Session.executeWithRequestId (tsserver.js:131628:28)
    at IOSession.Session.executeCommand (tsserver.js:131637:33)
    at IOSession.Session.onMessage (tsserver.js:131659:35)
    at Interface.<anonymous> (tsserver.js:132950:27)
    at Interface.emit (events.js:182:13)
    at Interface._onLine (readline.js:290:10)
    at Interface._normalWrite (readline.js:433:12)
    at Socket.ondata (readline.js:149:10)
    at Socket.emit (events.js:182:13)
    at addChunk (_stream_readable.js:279:12)
    at readableAddChunk (_stream_readable.js:264:11)
    at Socket.Readable.push (_stream_readable.js:219:10)
    at Pipe.onread (net.js:636:20)
	at Function.create (/usr/share/code/resources/app/extensions/typescript-language-features/dist/extension.js:1:197728)
	at v.dispatchResponse (/usr/share/code/resources/app/extensions/typescript-language-features/dist/extension.js:1:203096)
	at v.dispatchMessage (/usr/share/code/resources/app/extensions/typescript-language-features/dist/extension.js:1:201848)
	at constructor._reader.onData.e (/usr/share/code/resources/app/extensions/typescript-language-features/dist/extension.js:1:201204)
	at u.fire (/usr/share/code/resources/app/out/vs/workbench/services/extensions/node/extensionHostProcess.js:47:720)
	at t.Reader.onLengthData (/usr/share/code/resources/app/extensions/typescript-language-features/dist/extension.js:1:206508)
	at Socket.t.Reader.constructor.e.on.e (/usr/share/code/resources/app/extensions/typescript-language-features/dist/extension.js:1:206156)
	at Socket.emit (events.js:182:13)
	at addChunk (_stream_readable.js:279:12)
	at readableAddChunk (_stream_readable.js:264:11)
	at Socket.Readable.push (_stream_readable.js:219:10)
	at Pipe.onread (net.js:636:20)
