[2019-07-20 23:16:24.230] [renderer1] [error] Error: Error: ENOENT: no such file or directory, stat '/home/bogdan/Documents/React/react-complete-guide/.vscode'
[2019-07-20 23:37:30.582] [renderer1] [error] Tree element not found: [object Object]: Error: Tree element not found: [object Object]
    at s.getElementLocation (file:///usr/share/code/resources/app/out/vs/workbench/workbench.main.js:94:674)
    at s.isCollapsed (file:///usr/share/code/resources/app/out/vs/workbench/workbench.main.js:94:14)
    at j.isCollapsed (file:///usr/share/code/resources/app/out/vs/workbench/workbench.main.js:948:812)
    at W.revealMarkersForCurrentActiveEditor (file:///usr/share/code/resources/app/out/vs/workbench/workbench.main.js:5360:174)
    at W.autoReveal (file:///usr/share/code/resources/app/out/vs/workbench/workbench.main.js:5360:31)
    at W.onActiveEditorChanged (file:///usr/share/code/resources/app/out/vs/workbench/workbench.main.js:5357:350)
    at W._register.e (file:///usr/share/code/resources/app/out/vs/workbench/workbench.main.js:5356:360)
    at d.fire (file:///usr/share/code/resources/app/out/vs/workbench/workbench.main.js:77:1003)
    at setTimeout (file:///usr/share/code/resources/app/out/vs/workbench/workbench.main.js:74:652)
[2019-07-20 23:42:24.958] [renderer1] [error] Tree element not found: [object Object]: Error: Tree element not found: [object Object]
    at s.getElementLocation (file:///usr/share/code/resources/app/out/vs/workbench/workbench.main.js:94:674)
    at s.isCollapsed (file:///usr/share/code/resources/app/out/vs/workbench/workbench.main.js:94:14)
    at j.isCollapsed (file:///usr/share/code/resources/app/out/vs/workbench/workbench.main.js:948:812)
    at W.revealMarkersForCurrentActiveEditor (file:///usr/share/code/resources/app/out/vs/workbench/workbench.main.js:5360:174)
    at W.autoReveal (file:///usr/share/code/resources/app/out/vs/workbench/workbench.main.js:5360:31)
    at W.onActiveEditorChanged (file:///usr/share/code/resources/app/out/vs/workbench/workbench.main.js:5357:350)
    at W._register.e (file:///usr/share/code/resources/app/out/vs/workbench/workbench.main.js:5356:360)
    at d.fire (file:///usr/share/code/resources/app/out/vs/workbench/workbench.main.js:77:1003)
    at setTimeout (file:///usr/share/code/resources/app/out/vs/workbench/workbench.main.js:74:652)
[2019-07-21 00:14:36.675] [renderer1] [error] Tree element not found: [object Object]: Error: Tree element not found: [object Object]
    at s.getElementLocation (file:///usr/share/code/resources/app/out/vs/workbench/workbench.main.js:94:674)
    at s.isCollapsed (file:///usr/share/code/resources/app/out/vs/workbench/workbench.main.js:94:14)
    at j.isCollapsed (file:///usr/share/code/resources/app/out/vs/workbench/workbench.main.js:948:812)
    at W.revealMarkersForCurrentActiveEditor (file:///usr/share/code/resources/app/out/vs/workbench/workbench.main.js:5360:174)
    at W.autoReveal (file:///usr/share/code/resources/app/out/vs/workbench/workbench.main.js:5360:31)
    at W.onActiveEditorChanged (file:///usr/share/code/resources/app/out/vs/workbench/workbench.main.js:5357:350)
    at W._register.e (file:///usr/share/code/resources/app/out/vs/workbench/workbench.main.js:5356:360)
    at d.fire (file:///usr/share/code/resources/app/out/vs/workbench/workbench.main.js:77:1003)
    at setTimeout (file:///usr/share/code/resources/app/out/vs/workbench/workbench.main.js:74:652)
